2023/07/20 19:29:43 [notice] 1#1: using the "epoll" event method
2023/07/20 19:29:43 [notice] 1#1: nginx/1.25.1
2023/07/20 19:29:43 [notice] 1#1: built by gcc 12.2.0 (Debian 12.2.0-14) 
2023/07/20 19:29:43 [notice] 1#1: OS: Linux 5.15.0-1036-aws
2023/07/20 19:29:43 [notice] 1#1: getrlimit(RLIMIT_NOFILE): 1048576:1048576
2023/07/20 19:29:43 [notice] 1#1: start worker processes
2023/07/20 19:29:43 [notice] 1#1: start worker process 20
2023/07/20 19:29:43 [notice] 1#1: start worker process 21
2023/07/20 19:31:47 [notice] 1#1: signal 3 (SIGQUIT) received, shutting down
2023/07/20 19:31:47 [notice] 20#20: gracefully shutting down
2023/07/20 19:31:47 [notice] 20#20: exiting
2023/07/20 19:31:47 [notice] 20#20: exit
2023/07/20 19:31:47 [notice] 21#21: gracefully shutting down
2023/07/20 19:31:47 [notice] 21#21: exiting
2023/07/20 19:31:47 [notice] 21#21: exit
2023/07/20 19:31:47 [notice] 1#1: signal 17 (SIGCHLD) received from 20
2023/07/20 19:31:47 [notice] 1#1: worker process 20 exited with code 0
2023/07/20 19:31:47 [notice] 1#1: signal 29 (SIGIO) received
2023/07/20 19:31:47 [notice] 1#1: signal 17 (SIGCHLD) received from 21
2023/07/20 19:31:47 [notice] 1#1: worker process 21 exited with code 0
2023/07/20 19:31:47 [notice] 1#1: exit
2023/07/20 19:32:14 [notice] 1#1: using the "epoll" event method
2023/07/20 19:32:14 [notice] 1#1: nginx/1.25.1
2023/07/20 19:32:14 [notice] 1#1: built by gcc 12.2.0 (Debian 12.2.0-14) 
2023/07/20 19:32:14 [notice] 1#1: OS: Linux 5.15.0-1036-aws
2023/07/20 19:32:14 [notice] 1#1: getrlimit(RLIMIT_NOFILE): 1048576:1048576
2023/07/20 19:32:14 [notice] 1#1: start worker processes
2023/07/20 19:32:14 [notice] 1#1: start worker process 21
2023/07/20 19:32:14 [notice] 1#1: start worker process 22
2023/07/20 19:53:58 [notice] 1#1: signal 3 (SIGQUIT) received, shutting down
2023/07/20 19:53:58 [notice] 21#21: gracefully shutting down
2023/07/20 19:53:58 [notice] 21#21: exiting
2023/07/20 19:53:58 [notice] 21#21: exit
2023/07/20 19:53:58 [notice] 22#22: gracefully shutting down
2023/07/20 19:53:58 [notice] 22#22: exiting
2023/07/20 19:53:58 [notice] 22#22: exit
2023/07/20 19:53:58 [notice] 1#1: signal 17 (SIGCHLD) received from 22
2023/07/20 19:53:58 [notice] 1#1: worker process 21 exited with code 0
2023/07/20 19:53:58 [notice] 1#1: worker process 22 exited with code 0
2023/07/20 19:53:58 [notice] 1#1: exit
2023/07/20 19:53:59 [notice] 1#1: using the "epoll" event method
2023/07/20 19:53:59 [notice] 1#1: nginx/1.25.1
2023/07/20 19:53:59 [notice] 1#1: built by gcc 12.2.0 (Debian 12.2.0-14) 
2023/07/20 19:53:59 [notice] 1#1: OS: Linux 5.15.0-1036-aws
2023/07/20 19:53:59 [notice] 1#1: getrlimit(RLIMIT_NOFILE): 1048576:1048576
2023/07/20 19:53:59 [notice] 1#1: start worker processes
2023/07/20 19:53:59 [notice] 1#1: start worker process 20
2023/07/20 19:53:59 [notice] 1#1: start worker process 21
2023/07/20 19:59:10 [notice] 1#1: signal 3 (SIGQUIT) received, shutting down
2023/07/20 19:59:10 [notice] 21#21: gracefully shutting down
2023/07/20 19:59:10 [notice] 21#21: exiting
2023/07/20 19:59:10 [notice] 21#21: exit
2023/07/20 19:59:10 [notice] 20#20: gracefully shutting down
2023/07/20 19:59:10 [notice] 20#20: exiting
2023/07/20 19:59:10 [notice] 20#20: exit
2023/07/20 19:59:10 [notice] 1#1: signal 17 (SIGCHLD) received from 20
2023/07/20 19:59:10 [notice] 1#1: worker process 20 exited with code 0
2023/07/20 19:59:10 [notice] 1#1: signal 29 (SIGIO) received
2023/07/20 19:59:10 [notice] 1#1: signal 17 (SIGCHLD) received from 21
2023/07/20 19:59:10 [notice] 1#1: worker process 21 exited with code 0
2023/07/20 19:59:10 [notice] 1#1: exit
2023/07/20 19:59:11 [emerg] 1#1: open() "/etc/nginx/snippets/fastcgi-php.conf" failed (2: No such file or directory) in /etc/nginx/conf.d/wordpress-site.conf:15
2023/07/20 19:59:53 [emerg] 1#1: open() "/etc/nginx/snippets/fastcgi-php.conf" failed (2: No such file or directory) in /etc/nginx/conf.d/wordpress-site.conf:15
2023/07/20 20:00:10 [emerg] 1#1: open() "/etc/nginx/snippets/fastcgi-php.conf" failed (2: No such file or directory) in /etc/nginx/conf.d/wordpress-site.conf:15
2023/07/20 20:06:21 [emerg] 1#1: open() "/etc/nginx/snippets/fastcgi-php.conf" failed (2: No such file or directory) in /etc/nginx/conf.d/wordpress-site.conf:15
2023/07/20 20:07:10 [notice] 1#1: using the "epoll" event method
2023/07/20 20:07:10 [notice] 1#1: nginx/1.25.1
2023/07/20 20:07:10 [notice] 1#1: built by gcc 12.2.0 (Debian 12.2.0-14) 
2023/07/20 20:07:10 [notice] 1#1: OS: Linux 5.15.0-1036-aws
2023/07/20 20:07:10 [notice] 1#1: getrlimit(RLIMIT_NOFILE): 1048576:1048576
2023/07/20 20:07:10 [notice] 1#1: start worker processes
2023/07/20 20:07:10 [notice] 1#1: start worker process 20
2023/07/20 20:07:10 [notice] 1#1: start worker process 21
2023/07/20 20:10:11 [notice] 1#1: signal 3 (SIGQUIT) received, shutting down
2023/07/20 20:10:11 [notice] 21#21: gracefully shutting down
2023/07/20 20:10:11 [notice] 21#21: exiting
2023/07/20 20:10:11 [notice] 21#21: exit
2023/07/20 20:10:11 [notice] 20#20: gracefully shutting down
2023/07/20 20:10:11 [notice] 20#20: exiting
2023/07/20 20:10:11 [notice] 20#20: exit
2023/07/20 20:10:11 [notice] 1#1: signal 17 (SIGCHLD) received from 21
2023/07/20 20:10:11 [notice] 1#1: worker process 21 exited with code 0
2023/07/20 20:10:11 [notice] 1#1: signal 29 (SIGIO) received
2023/07/20 20:10:11 [notice] 1#1: signal 17 (SIGCHLD) received from 20
2023/07/20 20:10:11 [notice] 1#1: worker process 20 exited with code 0
2023/07/20 20:10:11 [notice] 1#1: exit
2023/07/20 20:10:37 [emerg] 1#1: host not found in upstream "wordpress" in /etc/nginx/conf.d/wp-site2.conf:18
2023/07/20 20:11:25 [notice] 1#1: using the "epoll" event method
2023/07/20 20:11:25 [notice] 1#1: nginx/1.25.1
2023/07/20 20:11:25 [notice] 1#1: built by gcc 12.2.0 (Debian 12.2.0-14) 
2023/07/20 20:11:25 [notice] 1#1: OS: Linux 5.15.0-1036-aws
2023/07/20 20:11:25 [notice] 1#1: getrlimit(RLIMIT_NOFILE): 1048576:1048576
2023/07/20 20:11:25 [notice] 1#1: start worker processes
2023/07/20 20:11:25 [notice] 1#1: start worker process 20
2023/07/20 20:11:25 [notice] 1#1: start worker process 21
2023/07/20 20:12:00 [notice] 1#1: signal 3 (SIGQUIT) received, shutting down
2023/07/20 20:12:00 [notice] 21#21: gracefully shutting down
2023/07/20 20:12:00 [notice] 21#21: exiting
2023/07/20 20:12:00 [notice] 21#21: exit
2023/07/20 20:12:00 [notice] 20#20: gracefully shutting down
2023/07/20 20:12:00 [notice] 1#1: signal 17 (SIGCHLD) received from 21
2023/07/20 20:12:00 [notice] 1#1: worker process 21 exited with code 0
2023/07/20 20:12:00 [notice] 1#1: signal 29 (SIGIO) received
